0 info it worked if it ends with ok
1 verbose cli [ '/usr/bin/node', '/usr/bin/npm', 'install', 'nodeinterval' ]
2 info using npm@1.4.3
3 info using node@v0.10.26
4 verbose cache add [ 'nodeinterval', null ]
5 verbose cache add name=undefined spec="nodeinterval" args=["nodeinterval",null]
6 verbose parsed url { protocol: null,
6 verbose parsed url   slashes: null,
6 verbose parsed url   auth: null,
6 verbose parsed url   host: null,
6 verbose parsed url   port: null,
6 verbose parsed url   hostname: null,
6 verbose parsed url   hash: null,
6 verbose parsed url   search: null,
6 verbose parsed url   query: null,
6 verbose parsed url   pathname: 'nodeinterval',
6 verbose parsed url   path: 'nodeinterval',
6 verbose parsed url   href: 'nodeinterval' }
7 silly lockFile 911feb87-nodeinterval nodeinterval
8 verbose lock nodeinterval /home/amnesthesia/.npm/911feb87-nodeinterval.lock
9 silly lockFile 911feb87-nodeinterval nodeinterval
10 silly lockFile 911feb87-nodeinterval nodeinterval
11 verbose addNamed [ 'nodeinterval', '' ]
12 verbose addNamed [ null, '*' ]
13 silly lockFile 1551f7a3-nodeinterval nodeinterval@
14 verbose lock nodeinterval@ /home/amnesthesia/.npm/1551f7a3-nodeinterval.lock
15 silly addNameRange { name: 'nodeinterval', range: '*', hasData: false }
16 verbose url raw nodeinterval
17 verbose url resolving [ 'https://registry.npmjs.org/', './nodeinterval' ]
18 verbose url resolved https://registry.npmjs.org/nodeinterval
19 info trying registry request attempt 1 at 05:44:45
20 http GET https://registry.npmjs.org/nodeinterval
21 http 404 https://registry.npmjs.org/nodeinterval
22 silly registry.get cb [ 404,
22 silly registry.get   { date: 'Fri, 11 Apr 2014 03:48:24 GMT',
22 silly registry.get     server: 'CouchDB/1.5.0 (Erlang OTP/R14B04)',
22 silly registry.get     'content-type': 'application/json',
22 silly registry.get     via: '1.1 varnish',
22 silly registry.get     'cache-control': 'max-age=0',
22 silly registry.get     'content-length': '52',
22 silly registry.get     'accept-ranges': 'bytes',
22 silly registry.get     age: '0',
22 silly registry.get     'x-served-by': 'cache-v43-ASH, cache-fra1235-FRA',
22 silly registry.get     'x-cache': 'MISS, MISS',
22 silly registry.get     'x-cache-hits': '0, 0',
22 silly registry.get     'x-timer': 'S1397188103.993254662,VS0,VS46,VE129,VE183',
22 silly registry.get     'keep-alive': 'timeout=10, max=50',
22 silly registry.get     connection: 'Keep-Alive' } ]
23 silly lockFile 1551f7a3-nodeinterval nodeinterval@
24 silly lockFile 1551f7a3-nodeinterval nodeinterval@
25 error 404 'nodeinterval' is not in the npm registry.
25 error 404 You should bug the author to publish it
25 error 404
25 error 404 Note that you can also install from a
25 error 404 tarball, folder, or http url, or git url.
26 error System Linux 3.13.8-1-ARCH
27 error command "/usr/bin/node" "/usr/bin/npm" "install" "nodeinterval"
28 error cwd /srv/http/bugfree-shame
29 error node -v v0.10.26
30 error npm -v 1.4.3
31 error code E404
32 verbose exit [ 1, true ]
